<?xml version="1.0" encoding="UTF-8"?>
<testng-results skipped="0" failed="0" total="0" passed="0">
  <reporter-output>
  </reporter-output>
  <suite name="cucumber.Options.TestRunner" duration-ms="5" started-at="2021-08-26T13:20:46Z" finished-at="2021-08-26T13:20:46Z">
    <groups>
    </groups>
    <test name="Command line test" duration-ms="5" started-at="2021-08-26T13:20:46Z" finished-at="2021-08-26T13:20:46Z">
    </test> <!-- Command line test -->
  </suite> <!-- cucumber.Options.TestRunner -->
</testng-results>
